<?xml version="1.0" encoding="UTF-8"?>
<!-- Generated by org.testng.reporters.JUnitXMLReporter -->
<testsuite ignored="0" hostname="DESKTOP-00LM383" failures="0" tests="2" name="Surefire test" time="24.076" errors="0" timestamp="2022-03-12T21:22:47 IST">
  <testcase classname="com.demo.seleniumspring.googletests.GoogleSearch1Test" name="GoogleTest" time="7.172"/>
  <testcase classname="com.demo.seleniumspring.googletests.GoogleSearch2Test" name="GoogleTest" time="3.753"/>
</testsuite> <!-- Surefire test -->
