<?xml version="1.0" encoding="UTF-8"?>
<testng-results ignored="0" total="2" passed="2" failed="0" skipped="0">
  <reporter-output>
  </reporter-output>
  <suite started-at="2022-03-12T21:22:23 IST" name="Surefire suite" finished-at="2022-03-12T21:22:47 IST" duration-ms="24076">
    <groups>
    </groups>
    <test started-at="2022-03-12T21:22:23 IST" name="Surefire test" finished-at="2022-03-12T21:22:47 IST" duration-ms="24076">
      <class name="com.demo.seleniumspring.googletests.GoogleSearch1Test">
        <test-method is-config="true" signature="springTestContextBeforeTestClass()[pri:0, instance:com.demo.seleniumspring.googletests.GoogleSearch1Test@13518f37]" started-at="2022-03-12T21:22:23 IST" name="springTestContextBeforeTestClass" finished-at="2022-03-12T21:22:23 IST" duration-ms="28" status="PASS">
          <reporter-output>
          </reporter-output>
        </test-method> <!-- springTestContextBeforeTestClass -->
        <test-method is-config="true" signature="springTestContextPrepareTestInstance()[pri:0, instance:com.demo.seleniumspring.googletests.GoogleSearch1Test@13518f37]" started-at="2022-03-12T21:22:23 IST" name="springTestContextPrepareTestInstance" finished-at="2022-03-12T21:22:36 IST" depends-on-methods="org.springframework.test.context.testng.AbstractTestNGSpringContextTests.springTestContextBeforeTestClass" duration-ms="13003" status="PASS">
          <reporter-output>
          </reporter-output>
        </test-method> <!-- springTestContextPrepareTestInstance -->
        <test-method is-config="true" signature="springTestContextBeforeTestMethod(java.lang.reflect.Method)[pri:0, instance:com.demo.seleniumspring.googletests.GoogleSearch1Test@13518f37]" started-at="2022-03-12T21:22:36 IST" name="springTestContextBeforeTestMethod" finished-at="2022-03-12T21:22:36 IST" duration-ms="7" status="PASS">
          <params>
            <param index="0">
              <value>
                <![CDATA[public void com.demo.seleniumspring.googletests.GoogleSearch1Test.GoogleTest() throws java.io.IOException,java.lang.InterruptedException]]>
              </value>
            </param>
          </params>
          <reporter-output>
          </reporter-output>
        </test-method> <!-- springTestContextBeforeTestMethod -->
        <test-method signature="GoogleTest()[pri:0, instance:com.demo.seleniumspring.googletests.GoogleSearch1Test@13518f37]" started-at="2022-03-12T21:22:36 IST" name="GoogleTest" finished-at="2022-03-12T21:22:43 IST" duration-ms="7172" status="PASS">
          <reporter-output>
          </reporter-output>
        </test-method> <!-- GoogleTest -->
        <test-method is-config="true" signature="springTestContextAfterTestMethod(java.lang.reflect.Method)[pri:0, instance:com.demo.seleniumspring.googletests.GoogleSearch1Test@13518f37]" started-at="2022-03-12T21:22:43 IST" name="springTestContextAfterTestMethod" finished-at="2022-03-12T21:22:43 IST" duration-ms="3" status="PASS">
          <params>
            <param index="0">
              <value>
                <![CDATA[public void com.demo.seleniumspring.googletests.GoogleSearch1Test.GoogleTest() throws java.io.IOException,java.lang.InterruptedException]]>
              </value>
            </param>
          </params>
          <reporter-output>
          </reporter-output>
        </test-method> <!-- springTestContextAfterTestMethod -->
        <test-method is-config="true" signature="springTestContextAfterTestClass()[pri:0, instance:com.demo.seleniumspring.googletests.GoogleSearch1Test@13518f37]" started-at="2022-03-12T21:22:43 IST" name="springTestContextAfterTestClass" finished-at="2022-03-12T21:22:43 IST" duration-ms="2" status="PASS">
          <reporter-output>
          </reporter-output>
        </test-method> <!-- springTestContextAfterTestClass -->
      </class> <!-- com.demo.seleniumspring.googletests.GoogleSearch1Test -->
      <class name="com.demo.seleniumspring.googletests.GoogleSearch2Test">
        <test-method is-config="true" signature="springTestContextBeforeTestClass()[pri:0, instance:com.demo.seleniumspring.googletests.GoogleSearch2Test@44040454]" started-at="2022-03-12T21:22:43 IST" name="springTestContextBeforeTestClass" finished-at="2022-03-12T21:22:43 IST" duration-ms="2" status="PASS">
          <reporter-output>
          </reporter-output>
        </test-method> <!-- springTestContextBeforeTestClass -->
        <test-method is-config="true" signature="springTestContextPrepareTestInstance()[pri:0, instance:com.demo.seleniumspring.googletests.GoogleSearch2Test@44040454]" started-at="2022-03-12T21:22:43 IST" name="springTestContextPrepareTestInstance" finished-at="2022-03-12T21:22:43 IST" depends-on-methods="org.springframework.test.context.testng.AbstractTestNGSpringContextTests.springTestContextBeforeTestClass" duration-ms="15" status="PASS">
          <reporter-output>
          </reporter-output>
        </test-method> <!-- springTestContextPrepareTestInstance -->
        <test-method is-config="true" signature="springTestContextBeforeTestMethod(java.lang.reflect.Method)[pri:0, instance:com.demo.seleniumspring.googletests.GoogleSearch2Test@44040454]" started-at="2022-03-12T21:22:43 IST" name="springTestContextBeforeTestMethod" finished-at="2022-03-12T21:22:43 IST" duration-ms="1" status="PASS">
          <params>
            <param index="0">
              <value>
                <![CDATA[public void com.demo.seleniumspring.googletests.GoogleSearch2Test.GoogleTest() throws java.io.IOException,java.lang.InterruptedException]]>
              </value>
            </param>
          </params>
          <reporter-output>
          </reporter-output>
        </test-method> <!-- springTestContextBeforeTestMethod -->
        <test-method signature="GoogleTest()[pri:0, instance:com.demo.seleniumspring.googletests.GoogleSearch2Test@44040454]" started-at="2022-03-12T21:22:43 IST" name="GoogleTest" finished-at="2022-03-12T21:22:47 IST" duration-ms="3753" status="PASS">
          <reporter-output>
          </reporter-output>
        </test-method> <!-- GoogleTest -->
        <test-method is-config="true" signature="springTestContextAfterTestMethod(java.lang.reflect.Method)[pri:0, instance:com.demo.seleniumspring.googletests.GoogleSearch2Test@44040454]" started-at="2022-03-12T21:22:47 IST" name="springTestContextAfterTestMethod" finished-at="2022-03-12T21:22:47 IST" duration-ms="2" status="PASS">
          <params>
            <param index="0">
              <value>
                <![CDATA[public void com.demo.seleniumspring.googletests.GoogleSearch2Test.GoogleTest() throws java.io.IOException,java.lang.InterruptedException]]>
              </value>
            </param>
          </params>
          <reporter-output>
          </reporter-output>
        </test-method> <!-- springTestContextAfterTestMethod -->
        <test-method is-config="true" signature="springTestContextAfterTestClass()[pri:0, instance:com.demo.seleniumspring.googletests.GoogleSearch2Test@44040454]" started-at="2022-03-12T21:22:47 IST" name="springTestContextAfterTestClass" finished-at="2022-03-12T21:22:47 IST" duration-ms="0" status="PASS">
          <reporter-output>
          </reporter-output>
        </test-method> <!-- springTestContextAfterTestClass -->
      </class> <!-- com.demo.seleniumspring.googletests.GoogleSearch2Test -->
    </test> <!-- Surefire test -->
  </suite> <!-- Surefire suite -->
</testng-results>
