<?xml version="1.0" encoding="UTF-8"?>
<testsuite xmlns:xsi="http://www.w3.org/2001/XMLSchema-instance" xsi:noNamespaceSchemaLocation="https://maven.apache.org/surefire/maven-surefire-plugin/xsd/surefire-test-report.xsd" name="TestSuite" time="27.009" tests="2" errors="0" skipped="0" failures="0">
  <properties>
[...]
</properties>
  <testcase name="GoogleTest" classname="com.demo.seleniumspring.googletests.GoogleSearch1Test" time="7.176"/>
  <testcase name="GoogleTest" classname="com.demo.seleniumspring.googletests.GoogleSearch2Test" time="3.754"/>
</testsuite>