<?xml version="1.0" encoding="UTF-8"?>
<!-- Generated by org.testng.reporters.JUnitXMLReporter -->
<testsuite ignored="2" hostname="LAPTOP-5DJJOLUQ" failures="0" tests="2" name="Default test" time="12.676" errors="0" timestamp="2022-04-14T16:41:58 IST">
  <testcase classname="com.simplilearn.demo.ParallelTests" name="LaunchChrome" time="12.01"/>
  <testcase classname="com.simplilearn.demo.ParallelTests" name="TryFacebook" time="0.527"/>
  <testcase classname="com.simplilearn.demo.ParallelTests" name="LaunchFirfox" time="0.0">
    <ignored/>
  </testcase> <!-- LaunchFirfox -->
  <testcase classname="com.simplilearn.demo.ParallelTests" name="TryFacebook2" time="0.0">
    <ignored/>
  </testcase> <!-- TryFacebook2 -->
</testsuite> <!-- Default test -->
